<?xml version="1.0" encoding="UTF-8"?>
<testsuite xmlns:xsi="http://www.w3.org/2001/XMLSchema-instance" xsi:noNamespaceSchemaLocation="https://maven.apache.org/surefire/maven-surefire-plugin/xsd/surefire-test-report-3.0.xsd" version="3.0" name="cucumber.Options.TestRunner" time="7.475" tests="5" errors="0" skipped="0" failures="0">
  <properties>
[...]
</properties>
  <testcase name="Validate course listing API with different conditions #1" classname="Course Listing API" time="2.719">
    <system-out><![CDATA[
@course
Scenario Outline: Validate course listing API with different conditions # src/test/resources/features/course.feature:14
Running on ENV: qa
  Given the base URI is set                                             # stepDefinitions.CourseStep.the_base_uri_is_set()
  And I set authorization token as "valid"                              # stepDefinitions.CourseStep.set_token(java.lang.String)
  And I set endpoint as "valid"                                         # stepDefinitions.CourseStep.set_endpoint(java.lang.String)
Request method:	GET
Request URI:	https://qa-spartans-rqi1stop.laerdalblr.in/v1/api/organizations/11021605/users/2100560163/merge/curricula
Proxy:			<none>
Request params:	<none>
Query params:	<none>
Form params:	<none>
Path params:	<none>
Headers:		Accept=application/json
				Authorization=Bearer 89679|Pz59p73ATn9e7m4tnQ12zK5qPFdpp94OixmUSbgD0ae175ea
				Content-Type=application/json
Cookies:		<none>
Multiparts:		<none>
Body:			<none>
HTTP/1.1 200 OK
Date: Sat, 18 Apr 2026 17:53:13 GMT
Content-Type: application/json
Transfer-Encoding: chunked
Connection: keep-alive
Server: nginx
vary: Origin
cache-control: no-cache, private
phpdebugbar-id: 01KPGVKB3R3BGK333H978FQEM0
x-content-type-options: nosniff
Strict-Transport-Security: max-age=15768000

{
    "data": [
        {
            "curriculum_id": 1093,
            "curriculum_name": "hjgdjahd ajhdsgajsdh adasdhajdhajhdgajsdhgajsdhgajsdhajshbdaj Ruecker - Kemmer",
            "curriculam_status": "Y",
            "total_courses": null,
            "total_completed_courses": null,
            "complaint_until": null,
            "ecard_until": null,
            "is_recurrence": 1,
            "session": null,
            "is_perpetual": 0,
            "status": "active"
        },
        {
            "curriculum_id": 1092,
            "curriculum_name": "HeartCode® 2025 ACLS Complete",
            "curriculam_status": "Y",
            "total_courses": null,
            "total_completed_courses": null,
            "complaint_until": null,
            "ecard_until": null,
            "is_recurrence": 0,
            "session": null,
            "is_perpetual": 0,
            "status": ""
        }
    ]
}
  When I send GET request to course listing API                         # stepDefinitions.CourseStep.i_send_get_request()
  Then the response status code should be 200                           # stepDefinitions.CourseStep.validate_status(int)
  And I validate response based on "success"                            # stepDefinitions.CourseStep.validate_response(java.lang.String)
]]></system-out>
  </testcase>
  <testcase name="Validate course listing API with different conditions #2" classname="Course Listing API" time="0.827">
    <system-out><![CDATA[
@course
Scenario Outline: Validate course listing API with different conditions # src/test/resources/features/course.feature:15
  Given the base URI is set                                             # stepDefinitions.CourseStep.the_base_uri_is_set()
  And I set authorization token as "invalid"                            # stepDefinitions.CourseStep.set_token(java.lang.String)
  And I set endpoint as "valid"                                         # stepDefinitions.CourseStep.set_endpoint(java.lang.String)
Request method:	GET
Request URI:	https://qa-spartans-rqi1stop.laerdalblr.in/v1/api/organizations/11021605/users/2100560163/merge/curricula
Proxy:			<none>
Request params:	<none>
Query params:	<none>
Form params:	<none>
Path params:	<none>
Headers:		Accept=application/json
				Authorization=Bearer 89243|AJQrr33d4dx2NN5jeDS5SD4kIZyYzrDvwG9dJTIQkt1Ra819b735
				Content-Type=application/json
Cookies:		<none>
Multiparts:		<none>
Body:			<none>
HTTP/1.1 401 Unauthorized
Date: Sat, 18 Apr 2026 17:53:14 GMT
Content-Type: application/json
Transfer-Encoding: chunked
Connection: keep-alive
Server: nginx
vary: Origin
cache-control: no-cache, private
phpdebugbar-id: 01KPGVKC1TDRNH4DYJEAF6GR2S
x-content-type-options: nosniff
Strict-Transport-Security: max-age=15768000

{
    "message": "Unauthenticated."
}
  When I send GET request to course listing API                         # stepDefinitions.CourseStep.i_send_get_request()
  Then the response status code should be 401                           # stepDefinitions.CourseStep.validate_status(int)
  And I validate response based on "error"                              # stepDefinitions.CourseStep.validate_response(java.lang.String)
]]></system-out>
  </testcase>
  <testcase name="Validate course listing API with different conditions #3" classname="Course Listing API" time="0.859">
    <system-out><![CDATA[
@course
Scenario Outline: Validate course listing API with different conditions # src/test/resources/features/course.feature:16
  Given the base URI is set                                             # stepDefinitions.CourseStep.the_base_uri_is_set()
  And I set authorization token as "missing"                            # stepDefinitions.CourseStep.set_token(java.lang.String)
  And I set endpoint as "valid"                                         # stepDefinitions.CourseStep.set_endpoint(java.lang.String)
Request method:	GET
Request URI:	https://qa-spartans-rqi1stop.laerdalblr.in/v1/api/organizations/11021605/users/2100560163/merge/curricula
Proxy:			<none>
Request params:	<none>
Query params:	<none>
Form params:	<none>
Path params:	<none>
Headers:		Accept=application/json
				Content-Type=application/json
Cookies:		<none>
Multiparts:		<none>
Body:			<none>
HTTP/1.1 401 Unauthorized
Date: Sat, 18 Apr 2026 17:53:15 GMT
Content-Type: application/json
Transfer-Encoding: chunked
Connection: keep-alive
Server: nginx
vary: Origin
cache-control: no-cache, private
phpdebugbar-id: 01KPGVKCXBNPD9JNVDXBHS0HY9
x-content-type-options: nosniff
Strict-Transport-Security: max-age=15768000

{
    "message": "Unauthenticated."
}
  When I send GET request to course listing API                         # stepDefinitions.CourseStep.i_send_get_request()
  Then the response status code should be 401                           # stepDefinitions.CourseStep.validate_status(int)
  And I validate response based on "error"                              # stepDefinitions.CourseStep.validate_response(java.lang.String)
]]></system-out>
  </testcase>
  <testcase name="Validate course listing API with different conditions #4" classname="Course Listing API" time="0.935">
    <system-out><![CDATA[
@course
Scenario Outline: Validate course listing API with different conditions # src/test/resources/features/course.feature:17
  Given the base URI is set                                             # stepDefinitions.CourseStep.the_base_uri_is_set()
  And I set authorization token as "expired"                            # stepDefinitions.CourseStep.set_token(java.lang.String)
  And I set endpoint as "valid"                                         # stepDefinitions.CourseStep.set_endpoint(java.lang.String)
Request method:	GET
Request URI:	https://qa-spartans-rqi1stop.laerdalblr.in/v1/api/organizations/11021605/users/2100560163/merge/curricula
Proxy:			<none>
Request params:	<none>
Query params:	<none>
Form params:	<none>
Path params:	<none>
Headers:		Accept=application/json
				Authorization=Bearer 89243|AJQd4dx2NN5jeDS5SD4kIZyYzrDvwG9dJTIQkt1Ra819b735
				Content-Type=application/json
Cookies:		<none>
Multiparts:		<none>
Body:			<none>
HTTP/1.1 401 Unauthorized
Date: Sat, 18 Apr 2026 17:53:16 GMT
Content-Type: application/json
Transfer-Encoding: chunked
Connection: keep-alive
Server: nginx
vary: Origin
cache-control: no-cache, private
phpdebugbar-id: 01KPGVKDT638BSC1EZ75834VCM
x-content-type-options: nosniff
Strict-Transport-Security: max-age=15768000

{
    "message": "Unauthenticated."
}
  When I send GET request to course listing API                         # stepDefinitions.CourseStep.i_send_get_request()
  Then the response status code should be 401                           # stepDefinitions.CourseStep.validate_status(int)
  And I validate response based on "error"                              # stepDefinitions.CourseStep.validate_response(java.lang.String)
]]></system-out>
  </testcase>
  <testcase name="Validate course listing API with different conditions #5" classname="Course Listing API" time="0.816">
    <system-out><![CDATA[
@course
Scenario Outline: Validate course listing API with different conditions # src/test/resources/features/course.feature:18
  Given the base URI is set                                             # stepDefinitions.CourseStep.the_base_uri_is_set()
  And I set authorization token as "valid"                              # stepDefinitions.CourseStep.set_token(java.lang.String)
  And I set endpoint as "invalid"                                       # stepDefinitions.CourseStep.set_endpoint(java.lang.String)
Request method:	GET
Request URI:	https://qa-spartans-rqi1stop.laerdalblr.in/v1/api/v1/api/invalid-endpoint
Proxy:			<none>
Request params:	<none>
Query params:	<none>
Form params:	<none>
Path params:	<none>
Headers:		Accept=application/json
				Authorization=Bearer 89679|Pz59p73ATn9e7m4tnQ12zK5qPFdpp94OixmUSbgD0ae175ea
				Content-Type=application/json
Cookies:		<none>
Multiparts:		<none>
Body:			<none>
HTTP/1.1 404 Not Found
Date: Sat, 18 Apr 2026 17:53:16 GMT
Content-Type: application/json
Transfer-Encoding: chunked
Connection: keep-alive
Server: nginx
vary: Origin
cache-control: no-cache, private
phpdebugbar-id: 01KPGVKEKAX94SMATVQWS4PYY9
x-content-type-options: nosniff
Strict-Transport-Security: max-age=15768000

{
    "message": "The route v1/api/v1/api/invalid-endpoint could not be found.",
    "exception": "Symfony\\Component\\HttpKernel\\Exception\\NotFoundHttpException",
    "file": "/var/www/html/vendor/laravel/framework/src/Illuminate/Routing/AbstractRouteCollection.php",
    "line": 44,
    "trace": [
        {
            "file": "/var/www/html/vendor/laravel/framework/src/Illuminate/Routing/RouteCollection.php",
            "line": 184,
            "function": "handleMatchedRoute",
            "class": "Illuminate\\Routing\\AbstractRouteCollection",
            "type": "->"
        },
        {
            "file": "/var/www/html/vendor/laravel/framework/src/Illuminate/Routing/Router.php",
            "line": 777,
            "function": "match",
            "class": "Illuminate\\Routing\\RouteCollection",
            "type": "->"
        },
        {
            "file": "/var/www/html/vendor/laravel/framework/src/Illuminate/Routing/Router.php",
            "line": 764,
            "function": "findRoute",
            "class": "Illuminate\\Routing\\Router",
            "type": "->"
        },
        {
            "file": "/var/www/html/vendor/laravel/framework/src/Illuminate/Routing/Router.php",
            "line": 753,
            "function": "dispatchToRoute",
            "class": "Illuminate\\Routing\\Router",
            "type": "->"
        },
        {
            "file": "/var/www/html/vendor/laravel/framework/src/Illuminate/Foundation/Http/Kernel.php",
            "line": 200,
            "function": "dispatch",
            "class": "Illuminate\\Routing\\Router",
            "type": "->"
        },
        {
            "file": "/var/www/html/vendor/laravel/framework/src/Illuminate/Pipeline/Pipeline.php",
            "line": 180,
            "function": "{closure:Illuminate\\Foundation\\Http\\Kernel::dispatchToRouter():197}",
            "class": "Illuminate\\Foundation\\Http\\Kernel",
            "type": "->"
        },
        {
            "file": "/var/www/html/vendor/barryvdh/laravel-debugbar/src/Middleware/InjectDebugbar.php",
            "line": 66,
            "function": "{closure:Illuminate\\Pipeline\\Pipeline::prepareDestination():178}",
            "class": "Illuminate\\Pipeline\\Pipeline",
            "type": "->"
        },
        {
            "file": "/var/www/html/vendor/laravel/framework/src/Illuminate/Pipeline/Pipeline.php",
            "line": 219,
            "function": "handle",
            "class": "Barryvdh\\Debugbar\\Middleware\\InjectDebugbar",
            "type": "->"
        },
        {
            "file": "/var/www/html/app/Http/Middleware/SecureHeaders.php",
            "line": 19,
            "function": "{closure:{closure:Illuminate\\Pipeline\\Pipeline::carry():194}:195}",
            "class": "Illuminate\\Pipeline\\Pipeline",
            "type": "->"
        },
        {
            "file": "/var/www/html/vendor/laravel/framework/src/Illuminate/Pipeline/Pipeline.php",
            "line": 219,
            "function": "handle",
            "class": "App\\Http\\Middleware\\SecureHeaders",
            "type": "->"
        },
        {
            "file": "/var/www/html/vendor/laravel/framework/src/Illuminate/Foundation/Http/Middleware/TransformsRequest.php",
            "line": 21,
            "function": "{closure:{closure:Illuminate\\Pipeline\\Pipeline::carry():194}:195}",
            "class": "Illuminate\\Pipeline\\Pipeline",
            "type": "->"
        },
        {
            "file": "/var/www/html/vendor/laravel/framework/src/Illuminate/Foundation/Http/Middleware/ConvertEmptyStringsToNull.php",
            "line": 31,
            "function": "handle",
            "class": "Illuminate\\Foundation\\Http\\Middleware\\TransformsRequest",
            "type": "->"
        },
        {
            "file": "/var/www/html/vendor/laravel/framework/src/Illuminate/Pipeline/Pipeline.php",
            "line": 219,
            "function": "handle",
            "class": "Illuminate\\Foundation\\Http\\Middleware\\ConvertEmptyStringsToNull",
            "type": "->"
        },
        {
            "file": "/var/www/html/vendor/laravel/framework/src/Illuminate/Foundation/Http/Middleware/TransformsRequest.php",
            "line": 21,
            "function": "{closure:{closure:Illuminate\\Pipeline\\Pipeline::carry():194}:195}",
            "class": "Illuminate\\Pipeline\\Pipeline",
            "type": "->"
        },
        {
            "file": "/var/www/html/vendor/laravel/framework/src/Illuminate/Foundation/Http/Middleware/TrimStrings.php",
            "line": 51,
            "function": "handle",
            "class": "Illuminate\\Foundation\\Http\\Middleware\\TransformsRequest",
            "type": "->"
        },
        {
            "file": "/var/www/html/vendor/laravel/framework/src/Illuminate/Pipeline/Pipeline.php",
            "line": 219,
            "function": "handle",
            "class": "Illuminate\\Foundation\\Http\\Middleware\\TrimStrings",
            "type": "->"
        },
        {
            "file": "/var/www/html/vendor/laravel/framework/src/Illuminate/Http/Middleware/ValidatePostSize.php",
            "line": 27,
            "function": "{closure:{closure:Illuminate\\Pipeline\\Pipeline::carry():194}:195}",
            "class": "Illuminate\\Pipeline\\Pipeline",
            "type": "->"
        },
        {
            "file": "/var/www/html/vendor/laravel/framework/src/Illuminate/Pipeline/Pipeline.php",
            "line": 219,
            "function": "handle",
            "class": "Illuminate\\Http\\Middleware\\ValidatePostSize",
            "type": "->"
        },
        {
            "file": "/var/www/html/vendor/laravel/framework/src/Illuminate/Foundation/Http/Middleware/PreventRequestsDuringMaintenance.php",
            "line": 109,
            "function": "{closure:{closure:Illuminate\\Pipeline\\Pipeline::carry():194}:195}",
            "class": "Illuminate\\Pipeline\\Pipeline",
            "type": "->"
        },
        {
            "file": "/var/www/html/vendor/laravel/framework/src/Illuminate/Pipeline/Pipeline.php",
            "line": 219,
            "function": "handle",
            "class": "Illuminate\\Foundation\\Http\\Middleware\\PreventRequestsDuringMaintenance",
            "type": "->"
        },
        {
            "file": "/var/www/html/vendor/laravel/framework/src/Illuminate/Http/Middleware/HandleCors.php",
            "line": 74,
            "function": "{closure:{closure:Illuminate\\Pipeline\\Pipeline::carry():194}:195}",
            "class": "Illuminate\\Pipeline\\Pipeline",
            "type": "->"
        },
        {
            "file": "/var/www/html/vendor/laravel/framework/src/Illuminate/Pipeline/Pipeline.php",
            "line": 219,
            "function": "handle",
            "class": "Illuminate\\Http\\Middleware\\HandleCors",
            "type": "->"
        },
        {
            "file": "/var/www/html/vendor/laravel/framework/src/Illuminate/Http/Middleware/TrustProxies.php",
            "line": 58,
            "function": "{closure:{closure:Illuminate\\Pipeline\\Pipeline::carry():194}:195}",
            "class": "Illuminate\\Pipeline\\Pipeline",
            "type": "->"
        },
        {
            "file": "/var/www/html/vendor/laravel/framework/src/Illuminate/Pipeline/Pipeline.php",
            "line": 219,
            "function": "handle",
            "class": "Illuminate\\Http\\Middleware\\TrustProxies",
            "type": "->"
        },
        {
            "file": "/var/www/html/vendor/laravel/framework/src/Illuminate/Pipeline/Pipeline.php",
            "line": 137,
            "function": "{closure:{closure:Illuminate\\Pipeline\\Pipeline::carry():194}:195}",
            "class": "Illuminate\\Pipeline\\Pipeline",
            "type": "->"
        },
        {
            "file": "/var/www/html/vendor/laravel/framework/src/Illuminate/Foundation/Http/Kernel.php",
            "line": 175,
            "function": "then",
            "class": "Illuminate\\Pipeline\\Pipeline",
            "type": "->"
        },
        {
            "file": "/var/www/html/vendor/laravel/framework/src/Illuminate/Foundation/Http/Kernel.php",
            "line": 144,
            "function": "sendRequestThroughRouter",
            "class": "Illuminate\\Foundation\\Http\\Kernel",
            "type": "->"
        },
        {
            "file": "/var/www/html/public/index.php",
            "line": 51,
            "function": "handle",
            "class": "Illuminate\\Foundation\\Http\\Kernel",
            "type": "->"
        }
    ]
}
  When I send GET request to course listing API                         # stepDefinitions.CourseStep.i_send_get_request()
  Then the response status code should be 404                           # stepDefinitions.CourseStep.validate_status(int)
  And I validate response based on "error"                              # stepDefinitions.CourseStep.validate_response(java.lang.String)
]]></system-out>
  </testcase>
</testsuite>